<?xml version="1.0" encoding="UTF-8"?>
<!-- Generated by org.testng.reporters.JUnitReportReporter -->
<testsuite hostname="DESKTOP-4GOC9V2" name="RunCukesTest" tests="1" failures="0" timestamp="11 Mar 2021 20:31:40 GMT" time="425.072" errors="0">
  <testcase name="feature" time="425.072" classname="RunCukesTest"/>
</testsuite> <!-- RunCukesTest -->
